This is pdfTeX, Version 3.14159265-2.6-1.40.16 (TeX Live 2015) (preloaded format=pdflatex 2015.5.24)  4 DEC 2015 22:58
entering extended mode
 restricted \write18 enabled.
 file:line:error style messages enabled.
 %&-line parsing enabled.
**processbook.tex
(./processbook.tex
LaTeX2e <2015/01/01>
Babel <3.9l> and hyphenation patterns for 79 languages loaded.
(/usr/local/texlive/2015/texmf-dist/tex/latex/base/article.cls
Document Class: article 2014/09/29 v1.4h Standard LaTeX document class
(/usr/local/texlive/2015/texmf-dist/tex/latex/base/size12.clo
File: size12.clo 2014/09/29 v1.4h Standard LaTeX file (size option)
)
\c@part=\count79
\c@section=\count80
\c@subsection=\count81
\c@subsubsection=\count82
\c@paragraph=\count83
\c@subparagraph=\count84
\c@figure=\count85
\c@table=\count86
\abovecaptionskip=\skip41
\belowcaptionskip=\skip42
\bibindent=\dimen102
)
(/usr/local/texlive/2015/texmf-dist/tex/latex/graphics/graphicx.sty
Package: graphicx 2014/10/28 v1.0g Enhanced LaTeX Graphics (DPC,SPQR)

(/usr/local/texlive/2015/texmf-dist/tex/latex/graphics/keyval.sty
Package: keyval 2014/10/28 v1.15 key=value parser (DPC)
\KV@toks@=\toks14
)
(/usr/local/texlive/2015/texmf-dist/tex/latex/graphics/graphics.sty
Package: graphics 2014/10/28 v1.0p Standard LaTeX Graphics (DPC,SPQR)

(/usr/local/texlive/2015/texmf-dist/tex/latex/graphics/trig.sty
Package: trig 1999/03/16 v1.09 sin cos tan (DPC)
)
(/usr/local/texlive/2015/texmf-dist/tex/latex/latexconfig/graphics.cfg
File: graphics.cfg 2010/04/23 v1.9 graphics configuration of TeX Live
)
Package graphics Info: Driver file: pdftex.def on input line 94.

(/usr/local/texlive/2015/texmf-dist/tex/latex/pdftex-def/pdftex.def
File: pdftex.def 2011/05/27 v0.06d Graphics/color for pdfTeX

(/usr/local/texlive/2015/texmf-dist/tex/generic/oberdiek/infwarerr.sty
Package: infwarerr 2010/04/08 v1.3 Providing info/warning/error messages (HO)
)
(/usr/local/texlive/2015/texmf-dist/tex/generic/oberdiek/ltxcmds.sty
Package: ltxcmds 2011/11/09 v1.22 LaTeX kernel commands for general use (HO)
)
\Gread@gobject=\count87
))
\Gin@req@height=\dimen103
\Gin@req@width=\dimen104
)
(/usr/local/texlive/2015/texmf-dist/tex/latex/url/url.sty
\Urlmuskip=\muskip10
Package: url 2013/09/16  ver 3.4  Verb mode for urls, etc.
)
(/usr/local/texlive/2015/texmf-dist/tex/latex/hyperref/hyperref.sty
Package: hyperref 2012/11/06 v6.83m Hypertext links for LaTeX

(/usr/local/texlive/2015/texmf-dist/tex/generic/oberdiek/hobsub-hyperref.sty
Package: hobsub-hyperref 2012/05/28 v1.13 Bundle oberdiek, subset hyperref (HO)


(/usr/local/texlive/2015/texmf-dist/tex/generic/oberdiek/hobsub-generic.sty
Package: hobsub-generic 2012/05/28 v1.13 Bundle oberdiek, subset generic (HO)
Package: hobsub 2012/05/28 v1.13 Construct package bundles (HO)
Package hobsub Info: Skipping package `infwarerr' (already loaded).
Package hobsub Info: Skipping package `ltxcmds' (already loaded).
Package: ifluatex 2010/03/01 v1.3 Provides the ifluatex switch (HO)
Package ifluatex Info: LuaTeX not detected.
Package: ifvtex 2010/03/01 v1.5 Detect VTeX and its facilities (HO)
Package ifvtex Info: VTeX not detected.
Package: intcalc 2007/09/27 v1.1 Expandable calculations with integers (HO)
Package: ifpdf 2011/01/30 v2.3 Provides the ifpdf switch (HO)
Package ifpdf Info: pdfTeX in PDF mode is detected.
Package: etexcmds 2011/02/16 v1.5 Avoid name clashes with e-TeX commands (HO)
Package etexcmds Info: Could not find \expanded.
(etexcmds)             That can mean that you are not using pdfTeX 1.50 or
(etexcmds)             that some package has redefined \expanded.
(etexcmds)             In the latter case, load this package earlier.
Package: kvsetkeys 2012/04/25 v1.16 Key value parser (HO)
Package: kvdefinekeys 2011/04/07 v1.3 Define keys (HO)
Package: pdftexcmds 2011/11/29 v0.20 Utility functions of pdfTeX for LuaTeX (HO
)
Package pdftexcmds Info: LuaTeX not detected.
Package pdftexcmds Info: \pdf@primitive is available.
Package pdftexcmds Info: \pdf@ifprimitive is available.
Package pdftexcmds Info: \pdfdraftmode found.
Package: pdfescape 2011/11/25 v1.13 Implements pdfTeX's escape features (HO)
Package: bigintcalc 2012/04/08 v1.3 Expandable calculations on big integers (HO
)
Package: bitset 2011/01/30 v1.1 Handle bit-vector datatype (HO)
Package: uniquecounter 2011/01/30 v1.2 Provide unlimited unique counter (HO)
)
Package hobsub Info: Skipping package `hobsub' (already loaded).
Package: letltxmacro 2010/09/02 v1.4 Let assignment for LaTeX macros (HO)
Package: hopatch 2012/05/28 v1.2 Wrapper for package hooks (HO)
Package: xcolor-patch 2011/01/30 xcolor patch
Package: atveryend 2011/06/30 v1.8 Hooks at the very end of document (HO)
Package atveryend Info: \enddocument detected (standard20110627).
Package: atbegshi 2011/10/05 v1.16 At begin shipout hook (HO)
Package: refcount 2011/10/16 v3.4 Data extraction from label references (HO)
Package: hycolor 2011/01/30 v1.7 Color options for hyperref/bookmark (HO)
)
(/usr/local/texlive/2015/texmf-dist/tex/generic/ifxetex/ifxetex.sty
Package: ifxetex 2010/09/12 v0.6 Provides ifxetex conditional
)
(/usr/local/texlive/2015/texmf-dist/tex/latex/oberdiek/auxhook.sty
Package: auxhook 2011/03/04 v1.3 Hooks for auxiliary files (HO)
)
(/usr/local/texlive/2015/texmf-dist/tex/latex/oberdiek/kvoptions.sty
Package: kvoptions 2011/06/30 v3.11 Key value format for package options (HO)
)
\@linkdim=\dimen105
\Hy@linkcounter=\count88
\Hy@pagecounter=\count89

(/usr/local/texlive/2015/texmf-dist/tex/latex/hyperref/pd1enc.def
File: pd1enc.def 2012/11/06 v6.83m Hyperref: PDFDocEncoding definition (HO)
)
\Hy@SavedSpaceFactor=\count90

(/usr/local/texlive/2015/texmf-dist/tex/latex/latexconfig/hyperref.cfg
File: hyperref.cfg 2002/06/06 v1.2 hyperref configuration of TeXLive
)
Package hyperref Info: Hyper figures OFF on input line 4443.
Package hyperref Info: Link nesting OFF on input line 4448.
Package hyperref Info: Hyper index ON on input line 4451.
Package hyperref Info: Plain pages OFF on input line 4458.
Package hyperref Info: Backreferencing OFF on input line 4463.
Package hyperref Info: Implicit mode ON; LaTeX internals redefined.
Package hyperref Info: Bookmarks ON on input line 4688.
\c@Hy@tempcnt=\count91
LaTeX Info: Redefining \url on input line 5041.
\XeTeXLinkMargin=\dimen106
\Fld@menulength=\count92
\Field@Width=\dimen107
\Fld@charsize=\dimen108
Package hyperref Info: Hyper figures OFF on input line 6295.
Package hyperref Info: Link nesting OFF on input line 6300.
Package hyperref Info: Hyper index ON on input line 6303.
Package hyperref Info: backreferencing OFF on input line 6310.
Package hyperref Info: Link coloring OFF on input line 6315.
Package hyperref Info: Link coloring with OCG OFF on input line 6320.
Package hyperref Info: PDF/A mode OFF on input line 6325.
LaTeX Info: Redefining \ref on input line 6365.
LaTeX Info: Redefining \pageref on input line 6369.
\Hy@abspage=\count93
\c@Item=\count94
\c@Hfootnote=\count95
)

Package hyperref Message: Driver: hpdftex.

(/usr/local/texlive/2015/texmf-dist/tex/latex/hyperref/hpdftex.def
File: hpdftex.def 2012/11/06 v6.83m Hyperref driver for pdfTeX
\Fld@listcount=\count96
\c@bookmark@seq@number=\count97

(/usr/local/texlive/2015/texmf-dist/tex/latex/oberdiek/rerunfilecheck.sty
Package: rerunfilecheck 2011/04/15 v1.7 Rerun checks for auxiliary files (HO)
Package uniquecounter Info: New unique counter `rerunfilecheck' on input line 2
82.
)
\Hy@SectionHShift=\skip43
)
(/usr/local/texlive/2015/texmf-dist/tex/latex/listings/listings.sty
\lst@mode=\count98
\lst@gtempboxa=\box26
\lst@token=\toks15
\lst@length=\count99
\lst@currlwidth=\dimen109
\lst@column=\count100
\lst@pos=\count101
\lst@lostspace=\dimen110
\lst@width=\dimen111
\lst@newlines=\count102
\lst@lineno=\count103
\lst@maxwidth=\dimen112

(/usr/local/texlive/2015/texmf-dist/tex/latex/listings/lstmisc.sty
File: lstmisc.sty 2014/09/06 1.5e (Carsten Heinz)
\c@lstnumber=\count104
\lst@skipnumbers=\count105
\lst@framebox=\box27
)
(/usr/local/texlive/2015/texmf-dist/tex/latex/listings/listings.cfg
File: listings.cfg 2014/09/06 1.5e listings configuration
))
Package: listings 2014/09/06 1.5e (Carsten Heinz)

(./processbook.aux)
\openout1 = `processbook.aux'.

LaTeX Font Info:    Checking defaults for OML/cmm/m/it on input line 24.
LaTeX Font Info:    ... okay on input line 24.
LaTeX Font Info:    Checking defaults for T1/cmr/m/n on input line 24.
LaTeX Font Info:    ... okay on input line 24.
LaTeX Font Info:    Checking defaults for OT1/cmr/m/n on input line 24.
LaTeX Font Info:    ... okay on input line 24.
LaTeX Font Info:    Checking defaults for OMS/cmsy/m/n on input line 24.
LaTeX Font Info:    ... okay on input line 24.
LaTeX Font Info:    Checking defaults for OMX/cmex/m/n on input line 24.
LaTeX Font Info:    ... okay on input line 24.
LaTeX Font Info:    Checking defaults for U/cmr/m/n on input line 24.
LaTeX Font Info:    ... okay on input line 24.
LaTeX Font Info:    Checking defaults for PD1/pdf/m/n on input line 24.
LaTeX Font Info:    ... okay on input line 24.

(/usr/local/texlive/2015/texmf-dist/tex/context/base/supp-pdf.mkii
[Loading MPS to PDF converter (version 2006.09.02).]
\scratchcounter=\count106
\scratchdimen=\dimen113
\scratchbox=\box28
\nofMPsegments=\count107
\nofMParguments=\count108
\everyMPshowfont=\toks16
\MPscratchCnt=\count109
\MPscratchDim=\dimen114
\MPnumerator=\count110
\makeMPintoPDFobject=\count111
\everyMPtoPDFconversion=\toks17
) (/usr/local/texlive/2015/texmf-dist/tex/latex/oberdiek/epstopdf-base.sty
Package: epstopdf-base 2010/02/09 v2.5 Base part for package epstopdf

(/usr/local/texlive/2015/texmf-dist/tex/latex/oberdiek/grfext.sty
Package: grfext 2010/08/19 v1.1 Manage graphics extensions (HO)
)
Package grfext Info: Graphics extension search list:
(grfext)             [.png,.pdf,.jpg,.mps,.jpeg,.jbig2,.jb2,.PNG,.PDF,.JPG,.JPE
G,.JBIG2,.JB2,.eps]
(grfext)             \AppendGraphicsExtensions on input line 452.

(/usr/local/texlive/2015/texmf-dist/tex/latex/latexconfig/epstopdf-sys.cfg
File: epstopdf-sys.cfg 2010/07/13 v1.3 Configuration of (r)epstopdf for TeX Liv
e
))
\AtBeginShipoutBox=\box29
Package hyperref Info: Link coloring OFF on input line 24.

(/usr/local/texlive/2015/texmf-dist/tex/latex/hyperref/nameref.sty
Package: nameref 2012/10/27 v2.43 Cross-referencing by name of section

(/usr/local/texlive/2015/texmf-dist/tex/generic/oberdiek/gettitlestring.sty
Package: gettitlestring 2010/12/03 v1.4 Cleanup title references (HO)
)
\c@section@level=\count112
)
LaTeX Info: Redefining \ref on input line 24.
LaTeX Info: Redefining \pageref on input line 24.
LaTeX Info: Redefining \nameref on input line 24.

(./processbook.out) (./processbook.out)
\@outlinefile=\write3
\openout3 = `processbook.out'.

\c@lstlisting=\count113
LaTeX Font Info:    External font `cmex10' loaded for size
(Font)              <14.4> on input line 37.
LaTeX Font Info:    External font `cmex10' loaded for size
(Font)              <7> on input line 37.
 (./overview.tex) (./relatedwork.tex)
(./questions.tex [1

{/usr/local/texlive/2015/texmf-var/fonts/map/pdftex/updmap/pdftex.map}]
LaTeX Font Info:    Try loading font information for OMS+cmr on input line 3.
 (/usr/local/texlive/2015/texmf-dist/tex/latex/base/omscmr.fd
File: omscmr.fd 2014/09/29 v2.5h Standard LaTeX font definitions
)
LaTeX Font Info:    Font shape `OMS/cmr/m/n' in size <12> not available
(Font)              Font shape `OMS/cmsy/m/n' tried instead on input line 3.
)
(./data.tex) (./eda.tex [2] [3]
Overfull \hbox (16.69417pt too wide) in paragraph at lines 45--46
[][][][][][][][][][][][][][][][][][][][][][][] 
 []

[4]) (./dEvolution.tex
<visproposalDrawing_page_Part_1.pdf, id=128, 1027.84pt x 770.88pt>
File: visproposalDrawing_page_Part_1.pdf Graphic file (type pdf)

<use visproposalDrawing_page_Part_1.pdf>
Package pdftex.def Info: visproposalDrawing_page_Part_1.pdf used on input line 
6.
(pdftex.def)             Requested size: 455.24408pt x 341.43492pt.
 [5]
<visproposalDrawing_page_Part_4.pdf, id=140, 1027.84pt x 770.88pt>
File: visproposalDrawing_page_Part_4.pdf Graphic file (type pdf)

<use visproposalDrawing_page_Part_4.pdf>
Package pdftex.def Info: visproposalDrawing_page_Part_4.pdf used on input line 
25.
(pdftex.def)             Requested size: 455.24408pt x 341.43492pt.
 [6 <./visproposalDrawing_page_Part_1.pdf>] <paper_view_initial_version.png, id
=161, 939.51pt x 538.01pt>
File: paper_view_initial_version.png Graphic file (type png)

<use paper_view_initial_version.png>
Package pdftex.def Info: paper_view_initial_version.png used on input line 35.
(pdftex.def)             Requested size: 328.82706pt x 188.29811pt.


LaTeX Warning: `h' float specifier changed to `ht'.

<paper_view_fisheye.png, id=164, 1040.88875pt x 587.19376pt>
File: paper_view_fisheye.png Graphic file (type png)

<use paper_view_fisheye.png>
Package pdftex.def Info: paper_view_fisheye.png used on input line 44.
(pdftex.def)             Requested size: 328.82706pt x 185.49564pt.

<paper_view_with_side_bar.png, id=166, 1206.5075pt x 532.99126pt>
File: paper_view_with_side_bar.png Graphic file (type png)

<use paper_view_with_side_bar.png>
Package pdftex.def Info: paper_view_with_side_bar.png used on input line 53.
(pdftex.def)             Requested size: 328.82706pt x 145.2596pt.
 [7 <./visproposalDrawing_page_Part_4.pdf>]

LaTeX Warning: `h' float specifier changed to `ht'.

<paper_view_reference_relationship.png, id=193, 1231.60126pt x 543.02875pt>
File: paper_view_reference_relationship.png Graphic file (type png)

<use paper_view_reference_relationship.png>
Package pdftex.def Info: paper_view_reference_relationship.png used on input li
ne 62.
(pdftex.def)             Requested size: 328.82706pt x 144.9791pt.

<paper_view_final.png, id=195, 1251.67625pt x 571.13374pt>
File: paper_view_final.png Graphic file (type png)

<use paper_view_final.png>
Package pdftex.def Info: paper_view_final.png used on input line 73.
(pdftex.def)             Requested size: 328.82706pt x 150.0425pt.

<paper_view_link.png, id=198, 1204.5pt x 480.79625pt>
File: paper_view_link.png Graphic file (type png)

<use paper_view_link.png>
Package pdftex.def Info: paper_view_link.png used on input line 83.
(pdftex.def)             Requested size: 328.82706pt x 131.25464pt.

<paper_details.png, id=199, 1266.7325pt x 609.27625pt>
File: paper_details.png Graphic file (type png)
 <use paper_details.png>
Package pdftex.def Info: paper_details.png used on input line 90.
(pdftex.def)             Requested size: 328.82706pt x 158.15707pt.

<keyword_view.png, id=200, 984.67876pt x 563.85657pt>
File: keyword_view.png Graphic file (type png)
 <use keyword_view.png>
Package pdftex.def Info: keyword_view.png used on input line 97.
(pdftex.def)             Requested size: 328.82706pt x 188.293pt.

[8 <./paper_view_initial_version.png>] [9 <./paper_view_fisheye.png> <./paper_v
iew_with_side_bar.png>]
<author_view_with_tooltip.png, id=219, 1172.38pt x 589.20125pt>
File: author_view_with_tooltip.png Graphic file (type png)

<use author_view_with_tooltip.png>
Package pdftex.def Info: author_view_with_tooltip.png used on input line 114.
(pdftex.def)             Requested size: 328.82706pt x 165.25392pt.
) (./implementation.tex [10 <./paper_view_reference_relationship.png> <./paper_
view_final.png>] [11 <./paper_view_link.png> <./paper_details.png>] [12 <./keyw
ord_view.png> <./author_view_with_tooltip.png>] <keyword_view_selected.png, id=
240, 982.42032pt x 563.85657pt>
File: keyword_view_selected.png Graphic file (type png)

<use keyword_view_selected.png>
Package pdftex.def Info: keyword_view_selected.png used on input line 31.
(pdftex.def)             Requested size: 328.82706pt x 188.72319pt.
) (./evaluation.tex [13 <./keyword_view_selected.png>] <global_illumination_cli
cked.png, id=249, 920.68968pt x 560.0925pt>
File: global_illumination_clicked.png Graphic file (type png)

<use global_illumination_clicked.png>
Package pdftex.def Info: global_illumination_clicked.png used on input line 7.
(pdftex.def)             Requested size: 328.82706pt x 200.04352pt.

<global_illumination_papers.png, id=251, 1324.95pt x 415.5525pt>
File: global_illumination_papers.png Graphic file (type png)

<use global_illumination_papers.png>
Package pdftex.def Info: global_illumination_papers.png used on input line 16.
(pdftex.def)             Requested size: 328.82706pt x 103.12697pt.

<gradient_domain_path_tracing.png, id=253, 1404.74812pt x 657.95813pt>
File: gradient_domain_path_tracing.png Graphic file (type png)

<use gradient_domain_path_tracing.png>
Package pdftex.def Info: gradient_domain_path_tracing.png used on input line 25
.
(pdftex.def)             Requested size: 328.82706pt x 154.0178pt.

<gradient_domain_path_tracing_detail.png, id=255, 1339.25343pt x 379.4175pt>
File: gradient_domain_path_tracing_detail.png Graphic file (type png)

<use gradient_domain_path_tracing_detail.png>
Package pdftex.def Info: gradient_domain_path_tracing_detail.png used on input 
line 34.
(pdftex.def)             Requested size: 328.82706pt x 93.15782pt.
 [14 <./global_illumination_clicked.png> <./global_illumination_papers.png>]
<global_illumination_path_tracing_papers.png, id=266, 615.80063pt x 556.32843pt
>
File: global_illumination_path_tracing_papers.png Graphic file (type png)
 <use global_illumination_path_tracing_papers.png>
Package pdftex.def Info: global_illumination_path_tracing_papers.png used on in
put line 43.
(pdftex.def)             Requested size: 328.82706pt x 297.07675pt.

<multiplexed_metropolis_light_trasnport_referenced.png, id=268, 1093.83656pt x 
353.82187pt>
File: multiplexed_metropolis_light_trasnport_referenced.png Graphic file (type 
png)
 <use multiplexed_metropolis_light_trasnport_referenced.png>
Package pdftex.def Info: multiplexed_metropolis_light_trasnport_referenced.png 
used on input line 52.
(pdftex.def)             Requested size: 328.82706pt x 106.36333pt.

[15 <./gradient_domain_path_tracing.png (PNG copy)> <./gradient_domain_path_tra
cing_detail.png>]
<carsten_dachsbacher.png, id=278, 1028.34187pt x 616.55344pt>
File: carsten_dachsbacher.png Graphic file (type png)

<use carsten_dachsbacher.png>
Package pdftex.def Info: carsten_dachsbacher.png used on input line 61.
(pdftex.def)             Requested size: 328.82706pt x 197.1506pt.

<antiradiance_paper_detail.png, id=280, 867.24pt x 414.79968pt>
File: antiradiance_paper_detail.png Graphic file (type png)

<use antiradiance_paper_detail.png>
Package pdftex.def Info: antiradiance_paper_detail.png used on input line 70.
(pdftex.def)             Requested size: 328.82706pt x 157.2774pt.
)
Package atveryend Info: Empty hook `BeforeClearDocument' on input line 62.
 [16 <./global_illumination_path_tracing_papers.png (PNG copy)>] [17 <./multipl
exed_metropolis_light_trasnport_referenced.png (PNG copy)> <./carsten_dachsbach
er.png (PNG copy)> <./antiradiance_paper_detail.png>]
Package atveryend Info: Empty hook `AfterLastShipout' on input line 62.
 (./processbook.aux)
Package atveryend Info: Executing hook `AtVeryEndDocument' on input line 62.
Package atveryend Info: Executing hook `AtEndAfterFileList' on input line 62.
Package rerunfilecheck Info: File `processbook.out' has not changed.
(rerunfilecheck)             Checksum: 30BC06C4A859D6723ED91088CFA55CF9;755.
Package atveryend Info: Empty hook `AtVeryVeryEnd' on input line 62.
 ) 
Here is how much of TeX's memory you used:
 6492 strings out of 493089
 98598 string characters out of 6134842
 193628 words of memory out of 5000000
 9815 multiletter control sequences out of 15000+600000
 6627 words of font info for 24 fonts, out of 8000000 for 9000
 1141 hyphenation exceptions out of 8191
 29i,6n,32p,1307b,1601s stack positions out of 5000i,500n,10000p,200000b,80000s
</usr/local/texlive/2015/texmf-dist/fonts/type1/public/amsfonts/cm/cmbx12.pfb
></usr/local/texlive/2015/texmf-dist/fonts/type1/public/amsfonts/cm/cmr12.pfb><
/usr/local/texlive/2015/texmf-dist/fonts/type1/public/amsfonts/cm/cmr17.pfb></u
sr/local/texlive/2015/texmf-dist/fonts/type1/public/amsfonts/cm/cmsy10.pfb>
Output written on processbook.pdf (17 pages, 4102387 bytes).
PDF statistics:
 330 PDF objects out of 1000 (max. 8388607)
 247 compressed objects within 3 object streams
 96 named destinations out of 1000 (max. 500000)
 213 words of extra memory for PDF output out of 10000 (max. 10000000)

